# JRE version: OpenJDK Runtime Environment (8.0_152-b06) (build 1.8.0_152-release-1136-b06)
# Java VM: OpenJDK 64-Bit Server VM (25.152-b06 mixed mode windows-amd64 compressed oops)
Heap:
 PSYoungGen      total 140800K, used 131710K [0x00000000e0000000, 0x00000000eb900000, 0x0000000100000000)
  eden space 129024K, 94% used [0x00000000e0000000,0x00000000e7685510,0x00000000e7e00000)
  from space 11776K, 87% used [0x00000000e7e00000,0x00000000e881a570,0x00000000e8980000)
  to   space 12288K, 0% used [0x00000000ead00000,0x00000000ead00000,0x00000000eb900000)
 ParOldGen       total 74240K, used 23471K [0x00000000a0000000, 0x00000000a4880000, 0x00000000e0000000)
  object space 74240K, 31% used [0x00000000a0000000,0x00000000a16ebfd0,0x00000000a4880000)
 Metaspace       used 55214K, capacity 56764K, committed 56832K, reserved 1097728K
  class space    used 7493K, capacity 7895K, committed 7936K, reserved 1048576K
GC Heap History (10 events):
Event: 9.096 GC heap before
{Heap before GC invocations=9 (full 1):
 PSYoungGen      total 66560K, used 63695K [0x00000000e0000000, 0x00000000e6f80000, 0x0000000100000000)
  eden space 57344K, 100% used [0x00000000e0000000,0x00000000e3800000,0x00000000e3800000)
  from space 9216K, 68% used [0x00000000e3800000,0x00000000e3e33e78,0x00000000e4100000)
  to   space 9216K, 0% used [0x00000000e6680000,0x00000000e6680000,0x00000000e6f80000)
 ParOldGen       total 49152K, used 7319K [0x00000000a0000000, 0x00000000a3000000, 0x00000000e0000000)
  object space 49152K, 14% used [0x00000000a0000000,0x00000000a0725c50,0x00000000a3000000)
 Metaspace       used 29415K, capacity 29788K, committed 29952K, reserved 1075200K
  class space    used 4106K, capacity 4247K, committed 4352K, reserved 1048576K
Event: 9.112 GC heap after
Heap after GC invocations=9 (full 1):
 PSYoungGen      total 101888K, used 7320K [0x00000000e0000000, 0x00000000e6e00000, 0x0000000100000000)
  eden space 94208K, 0% used [0x00000000e0000000,0x00000000e0000000,0x00000000e5c00000)
  from space 7680K, 95% used [0x00000000e6680000,0x00000000e6da6200,0x00000000e6e00000)
  to   space 9216K, 0% used [0x00000000e5c00000,0x00000000e5c00000,0x00000000e6500000)
 ParOldGen       total 49152K, used 7327K [0x00000000a0000000, 0x00000000a3000000, 0x00000000e0000000)
  object space 49152K, 14% used [0x00000000a0000000,0x00000000a0727c50,0x00000000a3000000)
 Metaspace       used 29415K, capacity 29788K, committed 29952K, reserved 1075200K
  class space    used 4106K, capacity 4247K, committed 4352K, reserved 1048576K
}
Event: 10.558 GC heap before
{Heap before GC invocations=10 (full 1):
 PSYoungGen      total 101888K, used 51210K [0x00000000e0000000, 0x00000000e6e00000, 0x0000000100000000)
  eden space 94208K, 46% used [0x00000000e0000000,0x00000000e2adc610,0x00000000e5c00000)
  from space 7680K, 95% used [0x00000000e6680000,0x00000000e6da6200,0x00000000e6e00000)
  to   space 9216K, 0% used [0x00000000e5c00000,0x00000000e5c00000,0x00000000e6500000)
 ParOldGen       total 49152K, used 7327K [0x00000000a0000000, 0x00000000a3000000, 0x00000000e0000000)
  object space 49152K, 14% used [0x00000000a0000000,0x00000000a0727c50,0x00000000a3000000)
 Metaspace       used 34786K, capacity 35312K, committed 35416K, reserved 1079296K
  class space    used 4807K, capacity 5028K, committed 5120K, reserved 1048576K
Event: 10.592 GC heap after
Heap after GC invocations=10 (full 1):
 PSYoungGen      total 103424K, used 9189K [0x00000000e0000000, 0x00000000e9500000, 0x0000000100000000)
  eden space 94208K, 0% used [0x00000000e0000000,0x00000000e0000000,0x00000000e5c00000)
  from space 9216K, 99% used [0x00000000e5c00000,0x00000000e64f95e0,0x00000000e6500000)
  to   space 10240K, 0% used [0x00000000e8b00000,0x00000000e8b00000,0x00000000e9500000)
 ParOldGen       total 49152K, used 8065K [0x00000000a0000000, 0x00000000a3000000, 0x00000000e0000000)
  object space 49152K, 16% used [0x00000000a0000000,0x00000000a07e05c0,0x00000000a3000000)
 Metaspace       used 34786K, capacity 35312K, committed 35416K, reserved 1079296K
  class space    used 4807K, capacity 5028K, committed 5120K, reserved 1048576K
}
Event: 10.592 GC heap before
{Heap before GC invocations=11 (full 2):
 PSYoungGen      total 103424K, used 9189K [0x00000000e0000000, 0x00000000e9500000, 0x0000000100000000)
  eden space 94208K, 0% used [0x00000000e0000000,0x00000000e0000000,0x00000000e5c00000)
  from space 9216K, 99% used [0x00000000e5c00000,0x00000000e64f95e0,0x00000000e6500000)
  to   space 10240K, 0% used [0x00000000e8b00000,0x00000000e8b00000,0x00000000e9500000)
 ParOldGen       total 49152K, used 8065K [0x00000000a0000000, 0x00000000a3000000, 0x00000000e0000000)
  object space 49152K, 16% used [0x00000000a0000000,0x00000000a07e05c0,0x00000000a3000000)
 Metaspace       used 34786K, capacity 35312K, committed 35416K, reserved 1079296K
  class space    used 4807K, capacity 5028K, committed 5120K, reserved 1048576K
Event: 10.680 GC heap after
Heap after GC invocations=11 (full 2):
 PSYoungGen      total 103424K, used 0K [0x00000000e0000000, 0x00000000e9500000, 0x0000000100000000)
  eden space 94208K, 0% used [0x00000000e0000000,0x00000000e0000000,0x00000000e5c00000)
  from space 9216K, 0% used [0x00000000e5c00000,0x00000000e5c00000,0x00000000e6500000)
  to   space 10240K, 0% used [0x00000000e8b00000,0x00000000e8b00000,0x00000000e9500000)
 ParOldGen       total 74240K, used 16431K [0x00000000a0000000, 0x00000000a4880000, 0x00000000e0000000)
  object space 74240K, 22% used [0x00000000a0000000,0x00000000a100bc30,0x00000000a4880000)
 Metaspace       used 34786K, capacity 35312K, committed 35416K, reserved 1079296K
  class space    used 4807K, capacity 5028K, committed 5120K, reserved 1048576K
}
Event: 12.466 GC heap before
{Heap before GC invocations=12 (full 2):
 PSYoungGen      total 103424K, used 94208K [0x00000000e0000000, 0x00000000e9500000, 0x0000000100000000)
  eden space 94208K, 100% used [0x00000000e0000000,0x00000000e5c00000,0x00000000e5c00000)
  from space 9216K, 0% used [0x00000000e5c00000,0x00000000e5c00000,0x00000000e6500000)
  to   space 10240K, 0% used [0x00000000e8b00000,0x00000000e8b00000,0x00000000e9500000)
 ParOldGen       total 74240K, used 16431K [0x00000000a0000000, 0x00000000a4880000, 0x00000000e0000000)
  object space 74240K, 22% used [0x00000000a0000000,0x00000000a100bc30,0x00000000a4880000)
 Metaspace       used 40884K, capacity 41644K, committed 41856K, reserved 1085440K
  class space    used 5489K, capacity 5760K, committed 5760K, reserved 1048576K
Event: 12.485 GC heap after
Heap after GC invocations=12 (full 2):
 PSYoungGen      total 135168K, used 10226K [0x00000000e0000000, 0x00000000e9500000, 0x0000000100000000)
  eden space 124928K, 0% used [0x00000000e0000000,0x00000000e0000000,0x00000000e7a00000)
  from space 10240K, 99% used [0x00000000e8b00000,0x00000000e94fcab0,0x00000000e9500000)
  to   space 11776K, 0% used [0x00000000e7e00000,0x00000000e7e00000,0x00000000e8980000)
 ParOldGen       total 74240K, used 17015K [0x00000000a0000000, 0x00000000a4880000, 0x00000000e0000000)
  object space 74240K, 22% used [0x00000000a0000000,0x00000000a109de58,0x00000000a4880000)
 Metaspace       used 40884K, capacity 41644K, committed 41856K, reserved 1085440K
  class space    used 5489K, capacity 5760K, committed 5760K, reserved 1048576K
}
Event: 14.777 GC heap before
{Heap before GC invocations=13 (full 2):
 PSYoungGen      total 135168K, used 135154K [0x00000000e0000000, 0x00000000e9500000, 0x0000000100000000)
  eden space 124928K, 100% used [0x00000000e0000000,0x00000000e7a00000,0x00000000e7a00000)
  from space 10240K, 99% used [0x00000000e8b00000,0x00000000e94fcab0,0x00000000e9500000)
  to   space 11776K, 0% used [0x00000000e7e00000,0x00000000e7e00000,0x00000000e8980000)
 ParOldGen       total 74240K, used 17015K [0x00000000a0000000, 0x00000000a4880000, 0x00000000e0000000)
  object space 74240K, 22% used [0x00000000a0000000,0x00000000a109de58,0x00000000a4880000)
 Metaspace       used 47851K, capacity 48724K, committed 49024K, reserved 1091584K
  class space    used 6416K, capacity 6677K, committed 6784K, reserved 1048576K
Event: 14.809 GC heap after
Heap after GC invocations=13 (full 2):
 PSYoungGen      total 140800K, used 10345K [0x00000000e0000000, 0x00000000eb900000, 0x0000000100000000)
  eden space 129024K, 0% used [0x00000000e0000000,0x00000000e0000000,0x00000000e7e00000)
  from space 11776K, 87% used [0x00000000e7e00000,0x00000000e881a570,0x00000000e8980000)
  to   space 12288K, 0% used [0x00000000ead00000,0x00000000ead00000,0x00000000eb900000)
 ParOldGen       total 74240K, used 23471K [0x00000000a0000000, 0x00000000a4880000, 0x00000000e0000000)
  object space 74240K, 31% used [0x00000000a0000000,0x00000000a16ebfd0,0x00000000a4880000)
 Metaspace       used 47851K, capacity 48724K, committed 49024K, reserved 1091584K
  class space    used 6416K, capacity 6677K, committed 6784K, reserved 1048576K
}

